#
# There is insufficient memory for the Java Runtime Environment to continue.
# Native memory allocation (malloc) failed to allocate 296656 bytes for Chunk::new
# Possible reasons:
#   The system is out of physical RAM or swap space
#   The process is running with CompressedOops enabled, and the Java Heap may be blocking the growth of the native heap
# Possible solutions:
#   Reduce memory load on the system
#   Increase physical memory or swap space
#   Check if swap backing store is full
#   Decrease Java heap size (-Xmx/-Xms)
#   Decrease number of Java threads
#   Decrease Java thread stack sizes (-Xss)
#   Set larger code cache with -XX:ReservedCodeCacheSize=
#   JVM is running with Unscaled Compressed Oops mode in which the Java heap is
#     placed in the first 4GB address space. The Java Heap base address is the
#     maximum limit for the native heap growth. Please use -XX:HeapBaseMinAddress
#     to set the Java Heap base and to place the Java Heap above 4GB virtual address.
# This output file may be truncated or incomplete.
#
#  Out of Memory Error (allocation.cpp:389), pid=8768, tid=0x0000000000001524
#
# JRE version: Java(TM) SE Runtime Environment (8.0_221-b11) (build 1.8.0_221-b11)
# Java VM: Java HotSpot(TM) 64-Bit Server VM (25.221-b11 mixed mode windows-amd64 compressed oops)
# Failed to write core dump. Minidumps are not enabled by default on client versions of Windows
#

---------------  T H R E A D  ---------------

Current thread (0x0000000053def800):  JavaThread "C2 CompilerThread1" daemon [_thread_in_native, id=5412, stack(0x0000000055ac0000,0x0000000055bc0000)]

Stack: [0x0000000055ac0000,0x0000000055bc0000]
[error occurred during error reporting (printing stack bounds), id 0xc0000005]

Native frames: (J=compiled Java code, j=interpreted, Vv=VM code, C=native code)


Current CompileTask:
C2:   2371  742   !   4       sun.misc.URLClassPath$JarLoader::getResource (85 bytes)


---------------  P R O C E S S  ---------------

Java Threads: ( => current thread )
  0x0000000055484800 JavaThread "Service Thread" daemon [_thread_blocked, id=3968, stack(0x0000000055ec0000,0x0000000055fc0000)]
  0x000000005540d000 JavaThread "C1 CompilerThread2" daemon [_thread_blocked, id=1700, stack(0x0000000055ce0000,0x0000000055de0000)]
=>0x0000000053def800 JavaThread "C2 CompilerThread1" daemon [_thread_in_native, id=5412, stack(0x0000000055ac0000,0x0000000055bc0000)]
  0x0000000053de8000 JavaThread "C2 CompilerThread0" daemon [_thread_in_native, id=3676, stack(0x0000000055890000,0x0000000055990000)]
  0x0000000053de4000 JavaThread "Attach Listener" daemon [_thread_blocked, id=5840, stack(0x0000000055300000,0x0000000055400000)]
  0x0000000053de0800 JavaThread "Signal Dispatcher" daemon [_thread_blocked, id=1844, stack(0x0000000055160000,0x0000000055260000)]
  0x0000000053dc5000 JavaThread "Finalizer" daemon [_thread_blocked, id=992, stack(0x0000000055000000,0x0000000055100000)]
  0x0000000053d83800 JavaThread "Reference Handler" daemon [_thread_blocked, id=3268, stack(0x0000000054e20000,0x0000000054f20000)]
  0x00000000022af000 JavaThread "main" [_thread_in_vm, id=6604, stack(0x0000000002450000,0x0000000002550000)]

Other Threads:
  0x0000000053d7c000 VMThread [stack: 0x0000000054bd0000,0x0000000054cd0000] [id=5984]
  0x00000000554ad000 WatcherThread [stack: 0x0000000056000000,0x0000000056100000] [id=6568]

VM state:not at safepoint (normal execution)

VM Mutex/Monitor currently owned by a thread: None

heap address: 0x00000000e1800000, size: 488 MB, Compressed Oops mode: 32-bit
Narrow klass base: 0x0000000000000000, Narrow klass shift: 0
Compressed class space size: 1073741824 Address: 0x00000000133f0000

Heap:
 PSYoungGen      total 18432K, used 345K [0x00000000f5d80000, 0x00000000f7080000, 0x0000000100000000)
  eden space 17408K, 1% used [0x00000000f5d80000,0x00000000f5dd65b8,0x00000000f6e80000)
  from space 1024K, 0% used [0x00000000f6e80000,0x00000000f6e80000,0x00000000f6f80000)
  to   space 1024K, 0% used [0x00000000f6f80000,0x00000000f6f80000,0x00000000f7080000)
 ParOldGen       total 14848K, used 2454K [0x00000000e1800000, 0x00000000e2680000, 0x00000000f5d80000)
  object space 14848K, 16% used [0x00000000e1800000,0x00000000e1a65888,0x00000000e2680000)
 Metaspace       used 11134K, capacity 11296K, committed 11648K, reserved 1058816K
  class space    used 1521K, capacity 1560K, committed 1664K, reserved 1048576K

Card table byte_map: [0x0000000011be0000,0x0000000011ce0000] byte_map_base: 0x00000000114d4000

Marking Bits: (ParMarkBitMap*) 0x0000000070335ce0
 Begin Bits: [0x00000000124b0000, 0x0000000012c50000)
 End Bits:   [0x0000000012c50000, 0x00000000133f0000)

Polling page: 0x0000000000220000

CodeCache: size=245760Kb used=2904Kb max_used=2904Kb free=242855Kb
 bounds [0x0000000002820000, 0x0000000002b00000, 0x0000000011820000]
 total_blobs=1052 nmethods=746 adapters=219
 compilation: enabled

Compilation events (10 events):
Event: 2.222 Thread 0x000000005540d000 nmethod 740 0x0000000002aec510 code [0x0000000002aec700, 0x0000000002aed1c8]
Event: 2.225 Thread 0x000000005540d000  743       3       java.util.concurrent.ConcurrentHashMap::put (8 bytes)
Event: 2.225 Thread 0x000000005540d000 nmethod 743 0x0000000002af0ad0 code [0x0000000002af0c40, 0x0000000002af0e48]
Event: 2.256 Thread 0x0000000053de8000  745       4       sun.misc.URLClassPath::getResource (83 bytes)
Event: 2.312 Thread 0x000000005540d000  746       3       java.lang.Class::forName (53 bytes)
Event: 2.313 Thread 0x000000005540d000 nmethod 746 0x0000000002af6590 code [0x0000000002af6760, 0x0000000002af6e88]
Event: 2.313 Thread 0x000000005540d000  747  s    3       java.util.Hashtable::containsKey (65 bytes)
Event: 2.314 Thread 0x000000005540d000 nmethod 747 0x0000000002af7150 code [0x0000000002af72e0, 0x0000000002af78f8]
Event: 2.317 Thread 0x000000005540d000  748   !   3       java.util.zip.Inflater::setInput (74 bytes)
Event: 2.317 Thread 0x000000005540d000 nmethod 748 0x0000000002af7b50 code [0x0000000002af7ce0, 0x0000000002af8238]

GC Heap History (10 events):
Event: 0.412 GC heap after
Heap after GC invocations=1 (full 0):
 PSYoungGen      total 9728K, used 557K [0x00000000f5d80000, 0x00000000f6800000, 0x0000000100000000)
  eden space 8704K, 0% used [0x00000000f5d80000,0x00000000f5d80000,0x00000000f6600000)
  from space 1024K, 54% used [0x00000000f6600000,0x00000000f668b5c8,0x00000000f6700000)
  to   space 1024K, 0% used [0x00000000f6700000,0x00000000f6700000,0x00000000f6800000)
 ParOldGen       total 22016K, used 8K [0x00000000e1800000, 0x00000000e2d80000, 0x00000000f5d80000)
  object space 22016K, 0% used [0x00000000e1800000,0x00000000e1802000,0x00000000e2d80000)
 Metaspace       used 2666K, capacity 4496K, committed 4864K, reserved 1056768K
  class space    used 297K, capacity 388K, committed 512K, reserved 1048576K
}
Event: 0.417 GC heap before
{Heap before GC invocations=2 (full 0):
 PSYoungGen      total 9728K, used 9233K [0x00000000f5d80000, 0x00000000f6800000, 0x0000000100000000)
  eden space 8704K, 99% used [0x00000000f5d80000,0x00000000f65f9138,0x00000000f6600000)
  from space 1024K, 54% used [0x00000000f6600000,0x00000000f668b5c8,0x00000000f6700000)
  to   space 1024K, 0% used [0x00000000f6700000,0x00000000f6700000,0x00000000f6800000)
 ParOldGen       total 22016K, used 8K [0x00000000e1800000, 0x00000000e2d80000, 0x00000000f5d80000)
  object space 22016K, 0% used [0x00000000e1800000,0x00000000e1802000,0x00000000e2d80000)
 Metaspace       used 2666K, capacity 4496K, committed 4864K, reserved 1056768K
  class space    used 297K, capacity 388K, committed 512K, reserved 1048576K
Event: 0.418 GC heap after
Heap after GC invocations=2 (full 0):
 PSYoungGen      total 9728K, used 501K [0x00000000f5d80000, 0x00000000f7080000, 0x0000000100000000)
  eden space 8704K, 0% used [0x00000000f5d80000,0x00000000f5d80000,0x00000000f6600000)
  from space 1024K, 48% used [0x00000000f6700000,0x00000000f677d600,0x00000000f6800000)
  to   space 1024K, 0% used [0x00000000f6600000,0x00000000f6600000,0x00000000f6700000)
 ParOldGen       total 22016K, used 16K [0x00000000e1800000, 0x00000000e2d80000, 0x00000000f5d80000)
  object space 22016K, 0% used [0x00000000e1800000,0x00000000e1804000,0x00000000e2d80000)
 Metaspace       used 2666K, capacity 4496K, committed 4864K, reserved 1056768K
  class space    used 297K, capacity 388K, committed 512K, reserved 1048576K
}
Event: 0.862 GC heap before
{Heap before GC invocations=3 (full 0):
 PSYoungGen      total 9728K, used 9205K [0x00000000f5d80000, 0x00000000f7080000, 0x0000000100000000)
  eden space 8704K, 100% used [0x00000000f5d80000,0x00000000f6600000,0x00000000f6600000)
  from space 1024K, 48% used [0x00000000f6700000,0x00000000f677d600,0x00000000f6800000)
  to   space 1024K, 0% used [0x00000000f6600000,0x00000000f6600000,0x00000000f6700000)
 ParOldGen       total 22016K, used 16K [0x00000000e1800000, 0x00000000e2d80000, 0x00000000f5d80000)
  object space 22016K, 0% used [0x00000000e1800000,0x00000000e1804000,0x00000000e2d80000)
 Metaspace       used 4965K, capacity 5856K, committed 6144K, reserved 1056768K
  class space    used 617K, capacity 656K, committed 768K, reserved 1048576K
Event: 0.899 GC heap after
Heap after GC invocations=3 (full 0):
 PSYoungGen      total 9728K, used 1019K [0x00000000f5d80000, 0x00000000f7080000, 0x0000000100000000)
  eden space 8704K, 0% used [0x00000000f5d80000,0x00000000f5d80000,0x00000000f6600000)
  from space 1024K, 99% used [0x00000000f6600000,0x00000000f66fed60,0x00000000f6700000)
  to   space 1024K, 0% used [0x00000000f6f80000,0x00000000f6f80000,0x00000000f7080000)
 ParOldGen       total 22016K, used 852K [0x00000000e1800000, 0x00000000e2d80000, 0x00000000f5d80000)
  object space 22016K, 3% used [0x00000000e1800000,0x00000000e18d5368,0x00000000e2d80000)
 Metaspace       used 4965K, capacity 5856K, committed 6144K, reserved 1056768K
  class space    used 617K, capacity 656K, committed 768K, reserved 1048576K
}
Event: 2.061 GC heap before
{Heap before GC invocations=4 (full 0):
 PSYoungGen      total 9728K, used 9723K [0x00000000f5d80000, 0x00000000f7080000, 0x0000000100000000)
  eden space 8704K, 100% used [0x00000000f5d80000,0x00000000f6600000,0x00000000f6600000)
  from space 1024K, 99% used [0x00000000f6600000,0x00000000f66fed60,0x00000000f6700000)
  to   space 1024K, 0% used [0x00000000f6f80000,0x00000000f6f80000,0x00000000f7080000)
 ParOldGen       total 22016K, used 852K [0x00000000e1800000, 0x00000000e2d80000, 0x00000000f5d80000)
  object space 22016K, 3% used [0x00000000e1800000,0x00000000e18d5368,0x00000000e2d80000)
 Metaspace       used 10565K, capacity 10656K, committed 11008K, reserved 1058816K
  class space    used 1409K, capacity 1432K, committed 1536K, reserved 1048576K
Event: 2.117 GC heap after
Heap after GC invocations=4 (full 0):
 PSYoungGen      total 18432K, used 996K [0x00000000f5d80000, 0x00000000f7080000, 0x0000000100000000)
  eden space 17408K, 0% used [0x00000000f5d80000,0x00000000f5d80000,0x00000000f6e80000)
  from space 1024K, 97% used [0x00000000f6f80000,0x00000000f7079280,0x00000000f7080000)
  to   space 1024K, 0% used [0x00000000f6e80000,0x00000000f6e80000,0x00000000f6f80000)
 ParOldGen       total 22016K, used 2608K [0x00000000e1800000, 0x00000000e2d80000, 0x00000000f5d80000)
  object space 22016K, 11% used [0x00000000e1800000,0x00000000e1a8c240,0x00000000e2d80000)
 Metaspace       used 10565K, capacity 10656K, committed 11008K, reserved 1058816K
  class space    used 1409K, capacity 1432K, committed 1536K, reserved 1048576K
}
Event: 2.328 GC heap before
{Heap before GC invocations=5 (full 0):
 PSYoungGen      total 18432K, used 4538K [0x00000000f5d80000, 0x00000000f7080000, 0x0000000100000000)
  eden space 17408K, 20% used [0x00000000f5d80000,0x00000000f60f5788,0x00000000f6e80000)
  from space 1024K, 97% used [0x00000000f6f80000,0x00000000f7079280,0x00000000f7080000)
  to   space 1024K, 0% used [0x00000000f6e80000,0x00000000f6e80000,0x00000000f6f80000)
 ParOldGen       total 22016K, used 2608K [0x00000000e1800000, 0x00000000e2d80000, 0x00000000f5d80000)
  object space 22016K, 11% used [0x00000000e1800000,0x00000000e1a8c240,0x00000000e2d80000)
 Metaspace       used 11104K, capacity 11200K, committed 11264K, reserved 1058816K
  class space    used 1513K, capacity 1528K, committed 1536K, reserved 1048576K
Event: 2.336 GC heap after
Heap after GC invocations=5 (full 0):
 PSYoungGen      total 18432K, used 1012K [0x00000000f5d80000, 0x00000000f7080000, 0x0000000100000000)
  eden space 17408K, 0% used [0x00000000f5d80000,0x00000000f5d80000,0x00000000f6e80000)
  from space 1024K, 98% used [0x00000000f6e80000,0x00000000f6f7d270,0x00000000f6f80000)
  to   space 1024K, 0% used [0x00000000f6f80000,0x00000000f6f80000,0x00000000f7080000)
 ParOldGen       total 22016K, used 3170K [0x00000000e1800000, 0x00000000e2d80000, 0x00000000f5d80000)
  object space 22016K, 14% used [0x00000000e1800000,0x00000000e1b18aa0,0x00000000e2d80000)
 Metaspace       used 11104K, capacity 11200K, committed 11264K, reserved 1058816K
  class space    used 1513K, capacity 1528K, committed 1536K, reserved 1048576K
}
Event: 2.336 GC heap before
{Heap before GC invocations=6 (full 1):
 PSYoungGen      total 18432K, used 1012K [0x00000000f5d80000, 0x00000000f7080000, 0x0000000100000000)
  eden space 17408K, 0% used [0x00000000f5d80000,0x00000000f5d80000,0x00000000f6e80000)
  from space 1024K, 98% used [0x00000000f6e80000,0x00000000f6f7d270,0x00000000f6f80000)
  to   space 1024K, 0% used [0x00000000f6f80000,0x00000000f6f80000,0x00000000f7080000)
 ParOldGen       total 22016K, used 3170K [0x00000000e1800000, 0x00000000e2d80000, 0x00000000f5d80000)
  object space 22016K, 14% used [0x00000000e1800000,0x00000000e1b18aa0,0x00000000e2d80000)
 Metaspace       used 11104K, capacity 11200K, committed 11264K, reserved 1058816K
  class space    used 1513K, capacity 1528K, committed 1536K, reserved 1048576K

Deoptimization events (5 events):
Event: 1.045 Thread 0x00000000022af000 Uncommon trap: reason=unstable_if action=reinterpret pc=0x000000000298e0a4 method=java.lang.String.indexOf([CII[CIII)I @ 134
Event: 1.167 Thread 0x00000000022af000 Uncommon trap: reason=range_check action=make_not_entrant pc=0x0000000002a3fe10 method=sun.reflect.generics.parser.SignatureParser.current()C @ 34
Event: 1.531 Thread 0x00000000022af000 Uncommon trap: reason=unstable_if action=reinterpret pc=0x0000000002a45d24 method=sun.misc.MetaIndex.mayContain(Ljava/lang/String;)Z @ 38
Event: 1.533 Thread 0x00000000022af000 Uncommon trap: reason=unstable_if action=reinterpret pc=0x00000000029accec method=sun.misc.MetaIndex.mayContain(Ljava/lang/String;)Z @ 38
Event: 1.645 Thread 0x00000000022af000 Uncommon trap: reason=unstable_if action=reinterpret pc=0x0000000002a32c08 method=java.lang.AbstractStringBuilder.append(Ljava/lang/String;)Ljava/lang/AbstractStringBuilder; @ 1

Classes redefined (0 events):
No events

Internal exceptions (10 events):
Event: 1.065 Thread 0x00000000022af000 Exception <a 'java/lang/NullPointerException'> (0x00000000f60b6840) thrown at [C:\re\workspace\8-2-build-windows-amd64-cygwin\jdk8u221\13320\hotspot\src\share\vm\interpreter\linkResolver.cpp, line 1287]
Event: 1.149 Thread 0x00000000022af000 Exception <a 'java/lang/ArrayIndexOutOfBoundsException'> (0x00000000f616cc10) thrown at [C:\re\workspace\8-2-build-windows-amd64-cygwin\jdk8u221\13320\hotspot\src\share\vm\runtime\sharedRuntime.cpp, line 605]
Event: 1.150 Thread 0x00000000022af000 Exception <a 'java/lang/ArrayIndexOutOfBoundsException'> (0x00000000f616dee8) thrown at [C:\re\workspace\8-2-build-windows-amd64-cygwin\jdk8u221\13320\hotspot\src\share\vm\runtime\sharedRuntime.cpp, line 605]
Event: 1.151 Thread 0x00000000022af000 Exception <a 'java/lang/ArrayIndexOutOfBoundsException'> (0x00000000f616f5f8) thrown at [C:\re\workspace\8-2-build-windows-amd64-cygwin\jdk8u221\13320\hotspot\src\share\vm\runtime\sharedRuntime.cpp, line 605]
Event: 1.167 Thread 0x00000000022af000 Exception <a 'java/lang/ArrayIndexOutOfBoundsException': 79> (0x00000000f61c05e0) thrown at [C:\re\workspace\8-2-build-windows-amd64-cygwin\jdk8u221\13320\hotspot\src\share\vm\interpreter\interpreterRuntime.cpp, line 368]
Event: 1.168 Thread 0x00000000022af000 Exception <a 'java/lang/ArrayIndexOutOfBoundsException': 81> (0x00000000f61c19c8) thrown at [C:\re\workspace\8-2-build-windows-amd64-cygwin\jdk8u221\13320\hotspot\src\share\vm\interpreter\interpreterRuntime.cpp, line 368]
Event: 1.168 Thread 0x00000000022af000 Exception <a 'java/lang/ArrayIndexOutOfBoundsException': 78> (0x00000000f61c2b58) thrown at [C:\re\workspace\8-2-build-windows-amd64-cygwin\jdk8u221\13320\hotspot\src\share\vm\interpreter\interpreterRuntime.cpp, line 368]
Event: 1.168 Thread 0x00000000022af000 Exception <a 'java/lang/ArrayIndexOutOfBoundsException': 83> (0x00000000f61c3d10) thrown at [C:\re\workspace\8-2-build-windows-amd64-cygwin\jdk8u221\13320\hotspot\src\share\vm\interpreter\interpreterRuntime.cpp, line 368]
Event: 1.168 Thread 0x00000000022af000 Exception <a 'java/lang/ArrayIndexOutOfBoundsException': 38> (0x00000000f61c4a80) thrown at [C:\re\workspace\8-2-build-windows-amd64-cygwin\jdk8u221\13320\hotspot\src\share\vm\interpreter\interpreterRuntime.cpp, line 368]
Event: 1.645 Thread 0x00000000022af000 Implicit null exception at 0x0000000002a32844 to 0x0000000002a32bf1

Events (10 events):
Event: 2.324 loading class org/hibernate/type/UUIDBinaryType done
Event: 2.325 loading class org/hibernate/type/descriptor/sql/BinaryTypeDescriptor
Event: 2.325 loading class org/hibernate/type/descriptor/sql/BinaryTypeDescriptor done
Event: 2.325 loading class org/hibernate/type/descriptor/sql/VarbinaryTypeDescriptor
Event: 2.325 loading class org/hibernate/type/descriptor/sql/VarbinaryTypeDescriptor done
Event: 2.326 loading class org/hibernate/type/descriptor/java/UUIDTypeDescriptor
Event: 2.326 loading class org/hibernate/type/descriptor/java/UUIDTypeDescriptor done
Event: 2.328 loading class org/hibernate/type/UUIDCharType
Event: 2.328 loading class org/hibernate/type/UUIDCharType done
Event: 2.328 Executing VM operation: CollectForMetadataAllocation


Dynamic libraries:
0x000000013f210000 - 0x000000013f247000 	C:\Program Files\Java\jre1.8.0_221\bin\javaw.exe
0x0000000077860000 - 0x0000000077a0b000 	C:\Windows\SYSTEM32\ntdll.dll
0x0000000077640000 - 0x000000007775f000 	C:\Windows\system32\kernel32.dll
0x000007fefd800000 - 0x000007fefd86a000 	C:\Windows\system32\KERNELBASE.dll
0x000007fefee90000 - 0x000007fefef6b000 	C:\Windows\system32\ADVAPI32.dll
0x000007fefdd00000 - 0x000007fefdd9f000 	C:\Windows\system32\msvcrt.dll
0x000007fefde90000 - 0x000007fefdeaf000 	C:\Windows\SYSTEM32\sechost.dll
0x000007feff710000 - 0x000007feff83d000 	C:\Windows\system32\RPCRT4.dll
0x0000000077760000 - 0x000000007785a000 	C:\Windows\system32\USER32.dll
0x000007feff500000 - 0x000007feff567000 	C:\Windows\system32\GDI32.dll
0x000007feff700000 - 0x000007feff70e000 	C:\Windows\system32\LPK.dll
0x000007feff840000 - 0x000007feff90a000 	C:\Windows\system32\USP10.dll
0x000007fefbf30000 - 0x000007fefc124000 	C:\Windows\WinSxS\amd64_microsoft.windows.common-controls_6595b64144ccf1df_6.0.7601.18837_none_fa3b1e3d17594757\COMCTL32.dll
0x000007fefef70000 - 0x000007fefefe1000 	C:\Windows\system32\SHLWAPI.dll
0x000007fefd960000 - 0x000007fefd98e000 	C:\Windows\system32\IMM32.DLL
0x000007feff5f0000 - 0x000007feff6f9000 	C:\Windows\system32\MSCTF.dll
0x00000000704e0000 - 0x00000000705b2000 	C:\Program Files\Java\jre1.8.0_221\bin\msvcr100.dll
0x000000006fb10000 - 0x00000000703b5000 	C:\Program Files\Java\jre1.8.0_221\bin\server\jvm.dll
0x000007fef24b0000 - 0x000007fef24b9000 	C:\Windows\system32\WSOCK32.dll
0x000007feff910000 - 0x000007feff95d000 	C:\Windows\system32\WS2_32.dll
0x000007fefde80000 - 0x000007fefde88000 	C:\Windows\system32\NSI.dll
0x000007fefb070000 - 0x000007fefb0ab000 	C:\Windows\system32\WINMM.dll
0x000007fefc450000 - 0x000007fefc45c000 	C:\Windows\system32\VERSION.dll
0x0000000077a30000 - 0x0000000077a37000 	C:\Windows\system32\PSAPI.DLL
0x000007fef2d90000 - 0x000007fef2d9f000 	C:\Program Files\Java\jre1.8.0_221\bin\verify.dll
0x000007feebcd0000 - 0x000007feebcf9000 	C:\Program Files\Java\jre1.8.0_221\bin\java.dll
0x000007feed620000 - 0x000007feed636000 	C:\Program Files\Java\jre1.8.0_221\bin\zip.dll
0x000007fefdf70000 - 0x000007fefecfa000 	C:\Windows\system32\SHELL32.dll
0x000007feff960000 - 0x000007feffb63000 	C:\Windows\system32\ole32.dll
0x000007fefd5a0000 - 0x000007fefd5af000 	C:\Windows\system32\profapi.dll

VM Arguments:
jvm_args: -Dfile.encoding=Cp1252 
java_command: com.sushma.sushmaapp.test.PrinterTest
java_class_path (initial): C:\Program Files\Java\jre1.8.0_221\lib\resources.jar;C:\Program Files\Java\jre1.8.0_221\lib\rt.jar;C:\Program Files\Java\jre1.8.0_221\lib\jsse.jar;C:\Program Files\Java\jre1.8.0_221\lib\jce.jar;C:\Program Files\Java\jre1.8.0_221\lib\charsets.jar;C:\Program Files\Java\jre1.8.0_221\lib\jfr.jar;C:\Program Files\Java\jre1.8.0_221\lib\ext\access-bridge-64.jar;C:\Program Files\Java\jre1.8.0_221\lib\ext\cldrdata.jar;C:\Program Files\Java\jre1.8.0_221\lib\ext\dnsns.jar;C:\Program Files\Java\jre1.8.0_221\lib\ext\jaccess.jar;C:\Program Files\Java\jre1.8.0_221\lib\ext\jfxrt.jar;C:\Program Files\Java\jre1.8.0_221\lib\ext\localedata.jar;C:\Program Files\Java\jre1.8.0_221\lib\ext\nashorn.jar;C:\Program Files\Java\jre1.8.0_221\lib\ext\sunec.jar;C:\Program Files\Java\jre1.8.0_221\lib\ext\sunjce_provider.jar;C:\Program Files\Java\jre1.8.0_221\lib\ext\sunmscapi.jar;C:\Program Files\Java\jre1.8.0_221\lib\ext\sunpkcs11.jar;C:\Program Files\Java\jre1.8.0_221\lib\ext\zipfs.jar;C:\Program Files\printer1-proj\bin;D:\Hibernate jar\antlr-3.1.1.jar;D:\Hibernate jar\dom4j-1.6.1.jar;D:\Hibernate jar\hibernate-commons-annotations-5.0.1.Final.jar;D:\Hibernate jar\hibernate-core-5.0.4.Final.jar;D:\Hibernate jar\hibernate-jpa-2.1-api-1.0.0.Final.jar;D:\Hibernate jar\javaee.jar;D:\Hibernate jar\javassist-3.17.1-GA.jar;D:\Hibernate jar\jboss-logging-3.3.0.Final.jar;D:\Hibernate jar\mysql-connector-java-5.1.5-bin.jar;C:\Users\User\Desktop\mysingleton.jar
Launcher Type: SUN_STANDARD

Environment Variables:
JAVA_HOME=C:\Program Files\Java\jdk1.8.0_171
PATH=C:/Program Files/Java/jre1.8.0_221/bin/server;C:/Program Files/Java/jre1.8.0_221/bin;C:/Program Files/Java/jre1.8.0_221/lib/amd64;C:\ProgramData\Oracle\Java\javapath;C:\Program Files (x86)\Common Files\Oracle\Java\javapath;C:\Program Files\Java\jdk1.8.0_171\bin;C:\Program Files\Java\jre1.8.0_171\bin;C:\Program Files\TortoiseGit\bin;C:\Program Files\Git\cmd;;C:\Users\User\AppData\Local\Programs\Microsoft VS Code\bin;C:\Users\User\Downloads\Desktop\eclipse;
USERNAME=User
OS=Windows_NT
PROCESSOR_IDENTIFIER=Intel64 Family 6 Model 58 Stepping 9, GenuineIntel



---------------  S Y S T E M  ---------------

OS: Windows 7 , 64 bit Build 7601 (6.1.7601.23455)

CPU:total 4 (initial active 4) (2 cores per cpu, 2 threads per core) family 6 model 58 stepping 9, cmov, cx8, fxsr, mmx, sse, sse2, sse3, ssse3, sse4.1, sse4.2, popcnt, avx, clmul, erms, ht, tsc, tscinvbit, tscinv

Memory: 4k page, physical 1993068k(144912k free), swap 7972272k(11944k free)

vm_info: Java HotSpot(TM) 64-Bit Server VM (25.221-b11) for windows-amd64 JRE (1.8.0_221-b11), built on Jul  4 2019 04:39:29 by "java_re" with MS VC++ 10.0 (VS2010)

time: Thu Feb 20 18:34:33 2020
timezone: India Standard Time
elapsed time: 2 seconds (0d 0h 0m 2s)

