#
# There is insufficient memory for the Java Runtime Environment to continue.
# Native memory allocation (malloc) failed to allocate 566736 bytes for Chunk::new
# Possible reasons:
#   The system is out of physical RAM or swap space
#   The process is running with CompressedOops enabled, and the Java Heap may be blocking the growth of the native heap
# Possible solutions:
#   Reduce memory load on the system
#   Increase physical memory or swap space
#   Check if swap backing store is full
#   Decrease Java heap size (-Xmx/-Xms)
#   Decrease number of Java threads
#   Decrease Java thread stack sizes (-Xss)
#   Set larger code cache with -XX:ReservedCodeCacheSize=
#   JVM is running with Unscaled Compressed Oops mode in which the Java heap is
#     placed in the first 4GB address space. The Java Heap base address is the
#     maximum limit for the native heap growth. Please use -XX:HeapBaseMinAddress
#     to set the Java Heap base and to place the Java Heap above 4GB virtual address.
# This output file may be truncated or incomplete.
#
#  Out of Memory Error (allocation.cpp:389), pid=6688, tid=0x0000000000000130
#
# JRE version: Java(TM) SE Runtime Environment (8.0_221-b11) (build 1.8.0_221-b11)
# Java VM: Java HotSpot(TM) 64-Bit Server VM (25.221-b11 mixed mode windows-amd64 compressed oops)
# Failed to write core dump. Minidumps are not enabled by default on client versions of Windows
#

---------------  T H R E A D  ---------------

Current thread (0x00000000556d2800):  JavaThread "C2 CompilerThread1" daemon [_thread_in_native, id=304, stack(0x0000000055b00000,0x0000000055c00000)]

Stack: [0x0000000055b00000,0x0000000055c00000]
[error occurred during error reporting (printing stack bounds), id 0xc0000005]

Native frames: (J=compiled Java code, j=interpreted, Vv=VM code, C=native code)


Current CompileTask:
C2:   5037  752       4       sun.misc.URLClassPath::getResource (83 bytes)


---------------  P R O C E S S  ---------------

Java Threads: ( => current thread )
  0x000000005574a000 JavaThread "Service Thread" daemon [_thread_blocked, id=2776, stack(0x0000000055cc0000,0x0000000055dc0000)]
  0x00000000556d7000 JavaThread "C1 CompilerThread2" daemon [_thread_blocked, id=4124, stack(0x0000000054ec0000,0x0000000054fc0000)]
=>0x00000000556d2800 JavaThread "C2 CompilerThread1" daemon [_thread_in_native, id=304, stack(0x0000000055b00000,0x0000000055c00000)]
  0x0000000053bc8000 JavaThread "C2 CompilerThread0" daemon [_thread_blocked, id=4452, stack(0x00000000555d0000,0x00000000556d0000)]
  0x0000000053bc4000 JavaThread "Attach Listener" daemon [_thread_blocked, id=6384, stack(0x00000000553d0000,0x00000000554d0000)]
  0x0000000053bc0800 JavaThread "Signal Dispatcher" daemon [_thread_blocked, id=6592, stack(0x0000000055250000,0x0000000055350000)]
  0x0000000053baa800 JavaThread "Finalizer" daemon [_thread_blocked, id=1076, stack(0x0000000055040000,0x0000000055140000)]
  0x0000000053b63800 JavaThread "Reference Handler" daemon [_thread_blocked, id=6304, stack(0x0000000054be0000,0x0000000054ce0000)]
  0x0000000001c9f000 JavaThread "main" [_thread_in_native, id=6224, stack(0x0000000002360000,0x0000000002460000)]

Other Threads:
  0x0000000053b5c000 VMThread [stack: 0x0000000054db0000,0x0000000054eb0000] [id=6292]
  0x000000005576e000 WatcherThread [stack: 0x0000000055f40000,0x0000000056040000] [id=6004]

VM state:not at safepoint (normal execution)

VM Mutex/Monitor currently owned by a thread: None

heap address: 0x00000000e1800000, size: 488 MB, Compressed Oops mode: 32-bit
Narrow klass base: 0x0000000000000000, Narrow klass shift: 0
Compressed class space size: 1073741824 Address: 0x00000000131d0000

Heap:
 PSYoungGen      total 18432K, used 5560K [0x00000000f5d80000, 0x00000000f7080000, 0x0000000100000000)
  eden space 17408K, 26% used [0x00000000f5d80000,0x00000000f61f4da8,0x00000000f6e80000)
  from space 1024K, 97% used [0x00000000f6f80000,0x00000000f7079280,0x00000000f7080000)
  to   space 1024K, 0% used [0x00000000f6e80000,0x00000000f6e80000,0x00000000f6f80000)
 ParOldGen       total 22016K, used 2580K [0x00000000e1800000, 0x00000000e2d80000, 0x00000000f5d80000)
  object space 22016K, 11% used [0x00000000e1800000,0x00000000e1a85180,0x00000000e2d80000)
 Metaspace       used 11386K, capacity 11456K, committed 11648K, reserved 1058816K
  class space    used 1567K, capacity 1592K, committed 1664K, reserved 1048576K

Card table byte_map: [0x00000000021e0000,0x00000000022e0000] byte_map_base: 0x0000000001ad4000

Marking Bits: (ParMarkBitMap*) 0x0000000070335ce0
 Begin Bits: [0x0000000012190000, 0x0000000012930000)
 End Bits:   [0x0000000012930000, 0x00000000130d0000)

Polling page: 0x0000000000320000

CodeCache: size=245760Kb used=3036Kb max_used=3038Kb free=242723Kb
 bounds [0x0000000002730000, 0x0000000002a30000, 0x0000000011730000]
 total_blobs=1074 nmethods=768 adapters=219
 compilation: enabled

Compilation events (10 events):
Event: 4.842 Thread 0x00000000556d7000 nmethod 760 0x0000000002a1e2d0 code [0x0000000002a1e4c0, 0x0000000002a1f058]
Event: 4.842 Thread 0x00000000556d7000  761       3       java.util.zip.InflaterInputStream::<init> (79 bytes)
Event: 4.843 Thread 0x00000000556d7000 nmethod 761 0x0000000002a1f690 code [0x0000000002a1f840, 0x0000000002a1fef8]
Event: 4.852 Thread 0x00000000556d7000  762       3       java.util.ArrayDeque::addLast (53 bytes)
Event: 4.853 Thread 0x00000000556d7000 nmethod 762 0x0000000002a248d0 code [0x0000000002a24a60, 0x0000000002a24e58]
Event: 4.853 Thread 0x0000000053bc8000 nmethod 747 0x0000000002a25010 code [0x0000000002a25380, 0x0000000002a26e00]
Event: 4.879 Thread 0x00000000556d7000  763       3       java.lang.ClassLoader::defineClass (43 bytes)
Event: 4.880 Thread 0x00000000556d7000 nmethod 763 0x0000000002a23610 code [0x0000000002a23800, 0x0000000002a243a8]
Event: 4.918 Thread 0x00000000556d7000  764       3       java.util.logging.Logger::isLoggable (25 bytes)
Event: 4.918 Thread 0x00000000556d7000 nmethod 764 0x0000000002a23190 code [0x0000000002a23300, 0x0000000002a23570]

GC Heap History (8 events):
Event: 0.423 GC heap before
{Heap before GC invocations=1 (full 0):
 PSYoungGen      total 9728K, used 8694K [0x00000000f5d80000, 0x00000000f6800000, 0x0000000100000000)
  eden space 8704K, 99% used [0x00000000f5d80000,0x00000000f65fd920,0x00000000f6600000)
  from space 1024K, 0% used [0x00000000f6700000,0x00000000f6700000,0x00000000f6800000)
  to   space 1024K, 0% used [0x00000000f6600000,0x00000000f6600000,0x00000000f6700000)
 ParOldGen       total 22016K, used 0K [0x00000000e1800000, 0x00000000e2d80000, 0x00000000f5d80000)
  object space 22016K, 0% used [0x00000000e1800000,0x00000000e1800000,0x00000000e2d80000)
 Metaspace       used 2666K, capacity 4496K, committed 4864K, reserved 1056768K
  class space    used 297K, capacity 388K, committed 512K, reserved 1048576K
Event: 0.425 GC heap after
Heap after GC invocations=1 (full 0):
 PSYoungGen      total 9728K, used 628K [0x00000000f5d80000, 0x00000000f6800000, 0x0000000100000000)
  eden space 8704K, 0% used [0x00000000f5d80000,0x00000000f5d80000,0x00000000f6600000)
  from space 1024K, 61% used [0x00000000f6600000,0x00000000f669d0b8,0x00000000f6700000)
  to   space 1024K, 0% used [0x00000000f6700000,0x00000000f6700000,0x00000000f6800000)
 ParOldGen       total 22016K, used 8K [0x00000000e1800000, 0x00000000e2d80000, 0x00000000f5d80000)
  object space 22016K, 0% used [0x00000000e1800000,0x00000000e1802000,0x00000000e2d80000)
 Metaspace       used 2666K, capacity 4496K, committed 4864K, reserved 1056768K
  class space    used 297K, capacity 388K, committed 512K, reserved 1048576K
}
Event: 0.431 GC heap before
{Heap before GC invocations=2 (full 0):
 PSYoungGen      total 9728K, used 9304K [0x00000000f5d80000, 0x00000000f6800000, 0x0000000100000000)
  eden space 8704K, 99% used [0x00000000f5d80000,0x00000000f65f9138,0x00000000f6600000)
  from space 1024K, 61% used [0x00000000f6600000,0x00000000f669d0b8,0x00000000f6700000)
  to   space 1024K, 0% used [0x00000000f6700000,0x00000000f6700000,0x00000000f6800000)
 ParOldGen       total 22016K, used 8K [0x00000000e1800000, 0x00000000e2d80000, 0x00000000f5d80000)
  object space 22016K, 0% used [0x00000000e1800000,0x00000000e1802000,0x00000000e2d80000)
 Metaspace       used 2666K, capacity 4496K, committed 4864K, reserved 1056768K
  class space    used 297K, capacity 388K, committed 512K, reserved 1048576K
Event: 0.433 GC heap after
Heap after GC invocations=2 (full 0):
 PSYoungGen      total 9728K, used 517K [0x00000000f5d80000, 0x00000000f7080000, 0x0000000100000000)
  eden space 8704K, 0% used [0x00000000f5d80000,0x00000000f5d80000,0x00000000f6600000)
  from space 1024K, 50% used [0x00000000f6700000,0x00000000f6781610,0x00000000f6800000)
  to   space 1024K, 0% used [0x00000000f6600000,0x00000000f6600000,0x00000000f6700000)
 ParOldGen       total 22016K, used 8K [0x00000000e1800000, 0x00000000e2d80000, 0x00000000f5d80000)
  object space 22016K, 0% used [0x00000000e1800000,0x00000000e1802000,0x00000000e2d80000)
 Metaspace       used 2666K, capacity 4496K, committed 4864K, reserved 1056768K
  class space    used 297K, capacity 388K, committed 512K, reserved 1048576K
}
Event: 2.727 GC heap before
{Heap before GC invocations=3 (full 0):
 PSYoungGen      total 9728K, used 9221K [0x00000000f5d80000, 0x00000000f7080000, 0x0000000100000000)
  eden space 8704K, 100% used [0x00000000f5d80000,0x00000000f6600000,0x00000000f6600000)
  from space 1024K, 50% used [0x00000000f6700000,0x00000000f6781610,0x00000000f6800000)
  to   space 1024K, 0% used [0x00000000f6600000,0x00000000f6600000,0x00000000f6700000)
 ParOldGen       total 22016K, used 8K [0x00000000e1800000, 0x00000000e2d80000, 0x00000000f5d80000)
  object space 22016K, 0% used [0x00000000e1800000,0x00000000e1802000,0x00000000e2d80000)
 Metaspace       used 4978K, capacity 5856K, committed 6144K, reserved 1056768K
  class space    used 617K, capacity 656K, committed 768K, reserved 1048576K
Event: 2.760 GC heap after
Heap after GC invocations=3 (full 0):
 PSYoungGen      total 9728K, used 998K [0x00000000f5d80000, 0x00000000f7080000, 0x0000000100000000)
  eden space 8704K, 0% used [0x00000000f5d80000,0x00000000f5d80000,0x00000000f6600000)
  from space 1024K, 97% used [0x00000000f6600000,0x00000000f66f9998,0x00000000f6700000)
  to   space 1024K, 0% used [0x00000000f6f80000,0x00000000f6f80000,0x00000000f7080000)
 ParOldGen       total 22016K, used 843K [0x00000000e1800000, 0x00000000e2d80000, 0x00000000f5d80000)
  object space 22016K, 3% used [0x00000000e1800000,0x00000000e18d2f80,0x00000000e2d80000)
 Metaspace       used 4978K, capacity 5856K, committed 6144K, reserved 1056768K
  class space    used 617K, capacity 656K, committed 768K, reserved 1048576K
}
Event: 4.642 GC heap before
{Heap before GC invocations=4 (full 0):
 PSYoungGen      total 9728K, used 9702K [0x00000000f5d80000, 0x00000000f7080000, 0x0000000100000000)
  eden space 8704K, 100% used [0x00000000f5d80000,0x00000000f6600000,0x00000000f6600000)
  from space 1024K, 97% used [0x00000000f6600000,0x00000000f66f9998,0x00000000f6700000)
  to   space 1024K, 0% used [0x00000000f6f80000,0x00000000f6f80000,0x00000000f7080000)
 ParOldGen       total 22016K, used 843K [0x00000000e1800000, 0x00000000e2d80000, 0x00000000f5d80000)
  object space 22016K, 3% used [0x00000000e1800000,0x00000000e18d2f80,0x00000000e2d80000)
 Metaspace       used 10599K, capacity 10656K, committed 11008K, reserved 1058816K
  class space    used 1409K, capacity 1432K, committed 1536K, reserved 1048576K
Event: 4.653 GC heap after
Heap after GC invocations=4 (full 0):
 PSYoungGen      total 18432K, used 996K [0x00000000f5d80000, 0x00000000f7080000, 0x0000000100000000)
  eden space 17408K, 0% used [0x00000000f5d80000,0x00000000f5d80000,0x00000000f6e80000)
  from space 1024K, 97% used [0x00000000f6f80000,0x00000000f7079280,0x00000000f7080000)
  to   space 1024K, 0% used [0x00000000f6e80000,0x00000000f6e80000,0x00000000f6f80000)
 ParOldGen       total 22016K, used 2580K [0x00000000e1800000, 0x00000000e2d80000, 0x00000000f5d80000)
  object space 22016K, 11% used [0x00000000e1800000,0x00000000e1a85180,0x00000000e2d80000)
 Metaspace       used 10599K, capacity 10656K, committed 11008K, reserved 1058816K
  class space    used 1409K, capacity 1432K, committed 1536K, reserved 1048576K
}

Deoptimization events (7 events):
Event: 3.199 Thread 0x0000000001c9f000 Uncommon trap: reason=unstable_if action=reinterpret pc=0x00000000028a81a4 method=java.lang.String.indexOf([CII[CIII)I @ 134
Event: 3.366 Thread 0x0000000001c9f000 Uncommon trap: reason=unstable_if action=reinterpret pc=0x0000000002958b48 method=java.util.HashMap.getNode(ILjava/lang/Object;)Ljava/util/HashMap$Node; @ 129
Event: 3.488 Thread 0x0000000001c9f000 Uncommon trap: reason=unstable_if action=reinterpret pc=0x000000000295b0e8 method=java.util.HashMap.getNode(ILjava/lang/Object;)Ljava/util/HashMap$Node; @ 129
Event: 3.500 Thread 0x0000000001c9f000 Uncommon trap: reason=range_check action=make_not_entrant pc=0x000000000296dbd0 method=sun.reflect.generics.parser.SignatureParser.current()C @ 34
Event: 4.196 Thread 0x0000000001c9f000 Uncommon trap: reason=unstable_if action=reinterpret pc=0x0000000002944424 method=sun.misc.MetaIndex.mayContain(Ljava/lang/String;)Z @ 38
Event: 4.196 Thread 0x0000000001c9f000 Uncommon trap: reason=unstable_if action=reinterpret pc=0x00000000028c5ee4 method=sun.misc.MetaIndex.mayContain(Ljava/lang/String;)Z @ 38
Event: 4.310 Thread 0x0000000001c9f000 Uncommon trap: reason=unstable_if action=reinterpret pc=0x0000000002959440 method=java.lang.AbstractStringBuilder.append(Ljava/lang/String;)Ljava/lang/AbstractStringBuilder; @ 1

Classes redefined (0 events):
No events

Internal exceptions (10 events):
Event: 3.259 Thread 0x0000000001c9f000 Exception <a 'java/lang/NullPointerException'> (0x00000000f60b6828) thrown at [C:\re\workspace\8-2-build-windows-amd64-cygwin\jdk8u221\13320\hotspot\src\share\vm\interpreter\linkResolver.cpp, line 1287]
Event: 3.460 Thread 0x0000000001c9f000 Exception <a 'java/lang/ArrayIndexOutOfBoundsException'> (0x00000000f616cc18) thrown at [C:\re\workspace\8-2-build-windows-amd64-cygwin\jdk8u221\13320\hotspot\src\share\vm\runtime\sharedRuntime.cpp, line 605]
Event: 3.461 Thread 0x0000000001c9f000 Exception <a 'java/lang/ArrayIndexOutOfBoundsException'> (0x00000000f616def0) thrown at [C:\re\workspace\8-2-build-windows-amd64-cygwin\jdk8u221\13320\hotspot\src\share\vm\runtime\sharedRuntime.cpp, line 605]
Event: 3.472 Thread 0x0000000001c9f000 Exception <a 'java/lang/ArrayIndexOutOfBoundsException'> (0x00000000f616f600) thrown at [C:\re\workspace\8-2-build-windows-amd64-cygwin\jdk8u221\13320\hotspot\src\share\vm\runtime\sharedRuntime.cpp, line 605]
Event: 3.500 Thread 0x0000000001c9f000 Exception <a 'java/lang/ArrayIndexOutOfBoundsException': 79> (0x00000000f61c05e8) thrown at [C:\re\workspace\8-2-build-windows-amd64-cygwin\jdk8u221\13320\hotspot\src\share\vm\interpreter\interpreterRuntime.cpp, line 368]
Event: 3.500 Thread 0x0000000001c9f000 Exception <a 'java/lang/ArrayIndexOutOfBoundsException': 38> (0x00000000f61c1598) thrown at [C:\re\workspace\8-2-build-windows-amd64-cygwin\jdk8u221\13320\hotspot\src\share\vm\interpreter\interpreterRuntime.cpp, line 368]
Event: 3.500 Thread 0x0000000001c9f000 Exception <a 'java/lang/ArrayIndexOutOfBoundsException': 81> (0x00000000f61c2768) thrown at [C:\re\workspace\8-2-build-windows-amd64-cygwin\jdk8u221\13320\hotspot\src\share\vm\interpreter\interpreterRuntime.cpp, line 368]
Event: 3.501 Thread 0x0000000001c9f000 Exception <a 'java/lang/ArrayIndexOutOfBoundsException': 78> (0x00000000f61c38f8) thrown at [C:\re\workspace\8-2-build-windows-amd64-cygwin\jdk8u221\13320\hotspot\src\share\vm\interpreter\interpreterRuntime.cpp, line 368]
Event: 3.501 Thread 0x0000000001c9f000 Exception <a 'java/lang/ArrayIndexOutOfBoundsException': 83> (0x00000000f61c4ab0) thrown at [C:\re\workspace\8-2-build-windows-amd64-cygwin\jdk8u221\13320\hotspot\src\share\vm\interpreter\interpreterRuntime.cpp, line 368]
Event: 4.310 Thread 0x0000000001c9f000 Implicit null exception at 0x0000000002959086 to 0x0000000002959429

Events (10 events):
Event: 4.997 loading class org/hibernate/engine/jdbc/spi/ResultSetWrapper
Event: 4.997 loading class org/hibernate/engine/jdbc/spi/ResultSetWrapper done
Event: 4.997 loading class org/hibernate/engine/jdbc/spi/SqlExceptionHelper
Event: 4.997 loading class org/hibernate/engine/jdbc/spi/SqlExceptionHelper done
Event: 5.000 loading class org/hibernate/engine/jdbc/spi/SqlStatementLogger
Event: 5.000 loading class org/hibernate/engine/jdbc/spi/SqlStatementLogger done
Event: 5.001 loading class org/hibernate/engine/jdbc/env/spi/ExtractedDatabaseMetaData
Event: 5.001 loading class org/hibernate/engine/jdbc/env/spi/ExtractedDatabaseMetaData done
Event: 5.001 loading class org/hibernate/engine/jdbc/LobCreator
Event: 5.001 loading class org/hibernate/engine/jdbc/LobCreator done


Dynamic libraries:
0x000000013f210000 - 0x000000013f247000 	C:\Program Files\Java\jre1.8.0_221\bin\javaw.exe
0x0000000077860000 - 0x0000000077a0b000 	C:\Windows\SYSTEM32\ntdll.dll
0x0000000077640000 - 0x000000007775f000 	C:\Windows\system32\kernel32.dll
0x000007fefd800000 - 0x000007fefd86a000 	C:\Windows\system32\KERNELBASE.dll
0x000007fefee90000 - 0x000007fefef6b000 	C:\Windows\system32\ADVAPI32.dll
0x000007fefdd00000 - 0x000007fefdd9f000 	C:\Windows\system32\msvcrt.dll
0x000007fefde90000 - 0x000007fefdeaf000 	C:\Windows\SYSTEM32\sechost.dll
0x000007feff710000 - 0x000007feff83d000 	C:\Windows\system32\RPCRT4.dll
0x0000000077760000 - 0x000000007785a000 	C:\Windows\system32\USER32.dll
0x000007feff500000 - 0x000007feff567000 	C:\Windows\system32\GDI32.dll
0x000007feff700000 - 0x000007feff70e000 	C:\Windows\system32\LPK.dll
0x000007feff840000 - 0x000007feff90a000 	C:\Windows\system32\USP10.dll
0x000007fefbf30000 - 0x000007fefc124000 	C:\Windows\WinSxS\amd64_microsoft.windows.common-controls_6595b64144ccf1df_6.0.7601.18837_none_fa3b1e3d17594757\COMCTL32.dll
0x000007fefef70000 - 0x000007fefefe1000 	C:\Windows\system32\SHLWAPI.dll
0x000007fefd960000 - 0x000007fefd98e000 	C:\Windows\system32\IMM32.DLL
0x000007feff5f0000 - 0x000007feff6f9000 	C:\Windows\system32\MSCTF.dll
0x00000000704e0000 - 0x00000000705b2000 	C:\Program Files\Java\jre1.8.0_221\bin\msvcr100.dll
0x000000006fb10000 - 0x00000000703b5000 	C:\Program Files\Java\jre1.8.0_221\bin\server\jvm.dll
0x000007fef24b0000 - 0x000007fef24b9000 	C:\Windows\system32\WSOCK32.dll
0x000007feff910000 - 0x000007feff95d000 	C:\Windows\system32\WS2_32.dll
0x000007fefde80000 - 0x000007fefde88000 	C:\Windows\system32\NSI.dll
0x000007fefb070000 - 0x000007fefb0ab000 	C:\Windows\system32\WINMM.dll
0x000007fefc450000 - 0x000007fefc45c000 	C:\Windows\system32\VERSION.dll
0x0000000077a30000 - 0x0000000077a37000 	C:\Windows\system32\PSAPI.DLL
0x000007fef2d90000 - 0x000007fef2d9f000 	C:\Program Files\Java\jre1.8.0_221\bin\verify.dll
0x000007feebcd0000 - 0x000007feebcf9000 	C:\Program Files\Java\jre1.8.0_221\bin\java.dll
0x000007feed620000 - 0x000007feed636000 	C:\Program Files\Java\jre1.8.0_221\bin\zip.dll
0x000007fefdf70000 - 0x000007fefecfa000 	C:\Windows\system32\SHELL32.dll
0x000007feff960000 - 0x000007feffb63000 	C:\Windows\system32\ole32.dll
0x000007fefd5a0000 - 0x000007fefd5af000 	C:\Windows\system32\profapi.dll

VM Arguments:
jvm_args: -Dfile.encoding=Cp1252 
java_command: com.sushma.sushmaapp.test.PrinterTest
java_class_path (initial): C:\Program Files\Java\jre1.8.0_221\lib\resources.jar;C:\Program Files\Java\jre1.8.0_221\lib\rt.jar;C:\Program Files\Java\jre1.8.0_221\lib\jsse.jar;C:\Program Files\Java\jre1.8.0_221\lib\jce.jar;C:\Program Files\Java\jre1.8.0_221\lib\charsets.jar;C:\Program Files\Java\jre1.8.0_221\lib\jfr.jar;C:\Program Files\Java\jre1.8.0_221\lib\ext\access-bridge-64.jar;C:\Program Files\Java\jre1.8.0_221\lib\ext\cldrdata.jar;C:\Program Files\Java\jre1.8.0_221\lib\ext\dnsns.jar;C:\Program Files\Java\jre1.8.0_221\lib\ext\jaccess.jar;C:\Program Files\Java\jre1.8.0_221\lib\ext\jfxrt.jar;C:\Program Files\Java\jre1.8.0_221\lib\ext\localedata.jar;C:\Program Files\Java\jre1.8.0_221\lib\ext\nashorn.jar;C:\Program Files\Java\jre1.8.0_221\lib\ext\sunec.jar;C:\Program Files\Java\jre1.8.0_221\lib\ext\sunjce_provider.jar;C:\Program Files\Java\jre1.8.0_221\lib\ext\sunmscapi.jar;C:\Program Files\Java\jre1.8.0_221\lib\ext\sunpkcs11.jar;C:\Program Files\Java\jre1.8.0_221\lib\ext\zipfs.jar;C:\Program Files\printer1-proj\bin;D:\Hibernate jar\antlr-3.1.1.jar;D:\Hibernate jar\dom4j-1.6.1.jar;D:\Hibernate jar\hibernate-commons-annotations-5.0.1.Final.jar;D:\Hibernate jar\hibernate-core-5.0.4.Final.jar;D:\Hibernate jar\hibernate-jpa-2.1-api-1.0.0.Final.jar;D:\Hibernate jar\javaee.jar;D:\Hibernate jar\javassist-3.17.1-GA.jar;D:\Hibernate jar\jboss-logging-3.3.0.Final.jar;D:\Hibernate jar\mysql-connector-java-5.1.5-bin.jar;C:\Users\User\Desktop\mysingleton.jar
Launcher Type: SUN_STANDARD

Environment Variables:
JAVA_HOME=C:\Program Files\Java\jdk1.8.0_171
PATH=C:/Program Files/Java/jre1.8.0_221/bin/server;C:/Program Files/Java/jre1.8.0_221/bin;C:/Program Files/Java/jre1.8.0_221/lib/amd64;C:\ProgramData\Oracle\Java\javapath;C:\Program Files (x86)\Common Files\Oracle\Java\javapath;C:\Program Files\Java\jdk1.8.0_171\bin;C:\Program Files\Java\jre1.8.0_171\bin;C:\Program Files\TortoiseGit\bin;C:\Program Files\Git\cmd;;C:\Users\User\AppData\Local\Programs\Microsoft VS Code\bin;C:\Users\User\Downloads\Desktop\eclipse;
USERNAME=User
OS=Windows_NT
PROCESSOR_IDENTIFIER=Intel64 Family 6 Model 58 Stepping 9, GenuineIntel



---------------  S Y S T E M  ---------------

OS: Windows 7 , 64 bit Build 7601 (6.1.7601.23455)

CPU:total 4 (initial active 4) (2 cores per cpu, 2 threads per core) family 6 model 58 stepping 9, cmov, cx8, fxsr, mmx, sse, sse2, sse3, ssse3, sse4.1, sse4.2, popcnt, avx, clmul, erms, ht, tsc, tscinvbit, tscinv

Memory: 4k page, physical 1993068k(144912k free), swap 7972272k(11944k free)

vm_info: Java HotSpot(TM) 64-Bit Server VM (25.221-b11) for windows-amd64 JRE (1.8.0_221-b11), built on Jul  4 2019 04:39:29 by "java_re" with MS VC++ 10.0 (VS2010)

time: Thu Feb 20 18:34:33 2020
timezone: India Standard Time
elapsed time: 5 seconds (0d 0h 0m 5s)

